<?xml version="1.0" encoding="UTF-8"?>
<!-- Generated by org.testng.reporters.JUnitReportReporter -->
<testsuite skipped="0" hostname="Sachin-Sharma" name="com.qa.trcrm.tests.HomePageTest" tests="3" failures="0" timestamp="17 Jun 2022 06:37:45 GMT" time="0.749" errors="0">
  <testcase name="verifyHomePageTitle" time="0.319" classname="com.qa.trcrm.tests.HomePageTest"/>
  <testcase name="verifyHomePageHeaderTest" time="0.272" classname="com.qa.trcrm.tests.HomePageTest"/>
  <testcase name="verifyLoggedInUserTest" time="0.158" classname="com.qa.trcrm.tests.HomePageTest"/>
</testsuite> <!-- com.qa.trcrm.tests.HomePageTest -->
