<?xml version="1.0" encoding="UTF-8"?>
<!-- Generated by org.testng.reporters.JUnitReportReporter -->
<testsuite skipped="0" hostname="Sachin-Sharma" name="com.qa.trcrm.tests.LoginPageTest" tests="3" failures="0" timestamp="17 Jun 2022 06:33:37 GMT" time="6.794" errors="0">
  <testcase name="login_InvalidTestCases" time="0.657" classname="com.qa.trcrm.tests.LoginPageTest"/>
  <testcase name="login_InvalidTestCases" time="2.904" classname="com.qa.trcrm.tests.LoginPageTest"/>
  <testcase name="login_InvalidTestCases" time="3.233" classname="com.qa.trcrm.tests.LoginPageTest"/>
</testsuite> <!-- com.qa.trcrm.tests.LoginPageTest -->
