<?xml version="1.0" encoding="UTF-8"?>
<!-- Generated by org.testng.reporters.JUnitReportReporter -->
<testsuite skipped="0" hostname="Sachin-Sharma" name="com.qa.trcrm.tests.LoginPageTest2" tests="6" failures="0" timestamp="10 Jun 2022 13:12:19 GMT" time="31.555" errors="0">
  <testcase name="verifyLoginPageTitleTest" time="0.033" classname="com.qa.trcrm.tests.LoginPageTest2"/>
  <testcase name="verifyLoginPageTitleTest" time="0.042" classname="com.qa.trcrm.tests.LoginPageTest2"/>
  <testcase name="verifySignUpLinkTest" time="0.166" classname="com.qa.trcrm.tests.LoginPageTest2"/>
  <testcase name="verifySignUpLinkTest" time="0.214" classname="com.qa.trcrm.tests.LoginPageTest2"/>
  <testcase name="loginTest" time="11.519" classname="com.qa.trcrm.tests.LoginPageTest2"/>
  <testcase name="loginTest" time="19.581" classname="com.qa.trcrm.tests.LoginPageTest2"/>
</testsuite> <!-- com.qa.trcrm.tests.LoginPageTest2 -->
