<?xml version="1.0" encoding="UTF-8"?>
<!-- Generated by org.testng.reporters.JUnitReportReporter -->
<testsuite skipped="0" hostname="Sachin-Sharma" name="com.qa.trcrm.tests.ContactsPageTest" tests="2" failures="0" timestamp="17 Jun 2022 09:06:01 GMT" time="87.275" errors="0">
  <testcase name="verifyAddPersonTest" time="39.533" classname="com.qa.trcrm.tests.ContactsPageTest"/>
  <testcase name="verifyAddPersonTest" time="47.742" classname="com.qa.trcrm.tests.ContactsPageTest"/>
</testsuite> <!-- com.qa.trcrm.tests.ContactsPageTest -->
